<?xml version="1.0" encoding="UTF-8"?>
<!-- Generated by org.testng.reporters.JUnitReportReporter -->
<testsuite hostname="LAPTOP-HSJQEM5R" failures="0" tests="1" name="jenkins2.Demo2" time="0.007" errors="0" timestamp="2023-01-10T13:10:52 IST" skipped="0">
  <testcase classname="jenkins2.Demo2" name="m2" time="0.007"/>
  <system-out>
    <![CDATA[gnt]]>
  </system-out>
</testsuite> <!-- jenkins2.Demo2 -->
